
                  X             path5_x_s11   

                0.                14.1964     
               55.4742E-03        13.9313     
              111.015E-03         13.4054     
              166.619E-03         12.8871     
              222.28E-03          12.3945     
              277.994E-03         11.9618     
              333.757E-03         11.62       
              389.563E-03         11.4134     
              445.407E-03         11.4186     
              501.286E-03         11.7483     
              557.194E-03         12.5325     
              613.125E-03         13.8869     
              669.077E-03         15.8771     
              725.043E-03         18.4923     
              781.019E-03         21.6368     
              836.999E-03         25.1732     
              895.881E-03         28.8741     
              954.762E-03         32.3188     
                1.01364           35.0277     
                1.07252           36.6124     
                1.13141           36.8372     
                1.19029           35.6882     
                1.24917           33.3343     
                1.30805           30.0187     
                1.36693           25.9967     
                1.42581           21.5493     
                1.48469           16.9976     
                1.54357           12.6691     
                1.60246            8.84255    
                1.66134            5.70959    
                1.72022            3.36631    
                1.7791             1.82611    
                1.83798            1.03871    
                1.89686          905.144E-03  
                1.95574            1.28761    
                2.01462            2.01752    
                2.0735             2.90248    
                2.13239            3.73966    
                2.19127            4.34693    
                2.25015            4.60977    
                2.30903            4.54173    
                2.36791            4.26277    
                2.42679            3.75008    
                2.48567            2.67742    
                2.54455          822.189E-03  
                2.60344           -1.24284    
                2.66232           -3.41745    
                2.7212            -8.85988    
                2.77718          -17.0694     
                2.83315          -21.5952     
                2.88912          -21.5929     
                2.94507          -20.1312     
                3.001            -18.2101     
                3.05691          -16.2956     
                3.11279          -14.5847     
                3.16863          -13.1532     
                3.22444          -11.9877     
                3.2802           -11.0679     
                3.33592          -10.3355     
                3.39158           -9.73735    
                3.44718           -9.26451    
                3.50272           -8.89512    
                3.5582            -8.73297    




