
                  X             path1_x_e11   

                0.                -2.24201E-03
               55.4742E-03        -2.49745E-03
              111.015E-03         -3.04864E-03
              166.619E-03         -3.69795E-03
              222.28E-03          -4.473E-03  
              277.994E-03         -5.39015E-03
              333.757E-03         -6.4629E-03 
              389.563E-03         -7.69631E-03
              445.407E-03         -9.05808E-03
              501.286E-03        -10.4468E-03 
              557.194E-03        -11.6788E-03 
              613.125E-03        -12.5129E-03 
              669.077E-03        -12.7195E-03 
              725.043E-03        -12.1641E-03 
              781.019E-03        -10.8603E-03 
              836.999E-03         -8.94554E-03
              895.881E-03         -6.68089E-03
              954.762E-03         -4.46494E-03
                1.01364           -2.6984E-03 
                1.07252           -1.66403E-03
                1.13141           -1.49893E-03
                1.19029           -2.20022E-03
                1.24917           -3.69114E-03
                1.30805           -5.87576E-03
                1.36693           -8.61778E-03
                1.42581          -11.6745E-03 
                1.48469          -14.6701E-03 
                1.54357          -17.1524E-03 
                1.60246          -18.7084E-03 
                1.66134          -19.0755E-03 
                1.72022          -18.2019E-03 
                1.7791           -16.2433E-03 
                1.83798          -13.5116E-03 
                1.89686          -10.3981E-03 
                1.95574           -7.29184E-03
                2.01462           -4.51833E-03
                2.0735            -2.30716E-03
                2.13239         -765.28E-06   
                2.19127          139.456E-06  
                2.25015          546.898E-06  
                2.30903          642.952E-06  
                2.36791          589.127E-06  
                2.42679          469.155E-06  
                2.48567          326.055E-06  
                2.54455          201.613E-06  
                2.60344          120.887E-06  
                2.66232           62.3965E-06 
                2.7212           -24.5231E-06 
                2.77718         -147.963E-06  
                2.83315         -247.946E-06  
                2.88912         -286.512E-06  
                2.94507         -279.865E-06  
                3.001           -245.566E-06  
                3.05691         -198.358E-06  
                3.11279         -147.969E-06  
                3.16863         -100.129E-06  
                3.22444          -57.0231E-06 
                3.2802           -18.8935E-06 
                3.33592           15.9237E-06 
                3.39158           48.5222E-06 
                3.44718           79.936E-06  
                3.50272          110.862E-06  
                3.5582           126.088E-06  




