
                  X             path4_x_e12   

                0.               -25.3351E-03 
               44.8897E-03       -25.9617E-03 
               89.857E-03        -27.2903E-03 
              134.896E-03        -28.7305E-03 
              180.002E-03        -30.2252E-03 
              225.17E-03         -31.7365E-03 
              270.393E-03        -33.1838E-03 
              315.666E-03        -34.3846E-03 
              360.984E-03        -35.0365E-03 
              406.342E-03        -34.7475E-03 
              451.733E-03        -33.1347E-03 
              497.152E-03        -29.9849E-03 
              542.593E-03        -25.4015E-03 
              588.052E-03        -19.8359E-03 
              633.521E-03        -13.9712E-03 
              678.996E-03         -8.47169E-03
              728.064E-03         -3.97117E-03
              777.132E-03         -1.08213E-03
              826.199E-03        -19.131E-06  
              875.267E-03       -503.49E-06   
              924.334E-03         -1.9401E-03 
              973.402E-03         -3.50989E-03
                1.02247           -4.32748E-03
                1.07154           -3.64163E-03
                1.1206          -988.651E-06  
                1.16967            3.77812E-03
                1.21874           10.5461E-03 
                1.26781           18.9521E-03 
                1.31688           28.3005E-03 
                1.36594           37.5329E-03 
                1.41501           45.3926E-03 
                1.46408           50.7579E-03 
                1.51315           52.987E-03  
                1.56221           52.0868E-03 
                1.61128           48.5816E-03 
                1.66035           43.1854E-03 
                1.70942           36.5837E-03 
                1.75848           29.4548E-03 
                1.80755           22.4854E-03 
                1.85662           16.2385E-03 
                1.90569           11.1288E-03 
                1.95476            7.42584E-03
                2.00382            5.01765E-03
                2.05289            3.47598E-03
                2.10196            2.41136E-03
                2.15103            1.58366E-03
                2.20009          955.761E-06  
                2.24916          686.639E-06  
                2.29464          793.076E-06  
                2.34011            1.03845E-03
                2.38556            1.26473E-03
                2.43101            1.44646E-03
                2.47642            1.57575E-03
                2.52182            1.65879E-03
                2.56717            1.70816E-03
                2.61249            1.737E-03  
                2.65776            1.75616E-03
                2.70299            1.77504E-03
                2.74816            1.7977E-03 
                2.79326            1.82695E-03
                2.8383             1.8648E-03 
                2.88327            1.90615E-03
                2.92816            1.92676E-03




