
                  X             path5_x_s22   

                0.                44.0644     
               55.4742E-03        44.7908     
              111.015E-03         46.3025     
              166.619E-03         47.98       
              222.28E-03          49.9089     
              277.994E-03         52.1237     
              333.757E-03         54.6259     
              389.563E-03         57.4318     
              445.407E-03         60.5455     
              501.286E-03         63.9085     
              557.194E-03         67.3766     
              613.125E-03         70.7388     
              669.077E-03         73.7663     
              725.043E-03         76.2687     
              781.019E-03         78.1294     
              836.999E-03         79.3226     
              895.881E-03         79.8911     
              954.762E-03         79.9457     
                1.01364           79.6851     
                1.07252           79.349      
                1.13141           79.145      
                1.19029           79.1771     
                1.24917           79.3974     
                1.30805           79.6276     
                1.36693           79.6275     
                1.42581           79.1547     
                1.48469           77.9902     
                1.54357           75.9481     
                1.60246           72.8907     
                1.66134           68.7504     
                1.72022           63.5489     
                1.7791            57.4005     
                1.83798           50.4963     
                1.89686           43.065      
                1.95574           35.3324     
                2.01462           27.5127     
                2.0735            19.8411     
                2.13239           12.5961     
                2.19127            6.06289    
                2.25015          517.833E-03  
                2.30903           -3.83699    
                2.36791           -7.09284    
                2.42679           -9.47901    
                2.48567          -11.2404     
                2.54455          -12.7792     
                2.60344          -14.3118     
                2.66232          -15.8553     
                2.7212           -17.4329     
                2.77718          -18.5809     
                2.83315          -19.1545     
                2.88912          -19.6158     
                2.94507          -20.1216     
                3.001            -20.6574     
                3.05691          -21.1992     
                3.11279          -21.7312     
                3.16863          -22.2658     
                3.22444          -22.7683     
                3.2802           -23.2325     
                3.33592          -23.745      
                3.39158          -24.2423     
                3.44718          -24.7534     
                3.50272          -25.2994     
                3.5582           -25.5543     




