
                  X             path2_x_e12   

                0.               -37.9302E-03 
               23.9544E-03       -38.8344E-03 
               47.9768E-03       -40.746E-03  
               72.0622E-03       -42.8753E-03 
               96.2058E-03       -45.2177E-03 
              120.403E-03        -47.7177E-03 
              144.649E-03        -50.2633E-03 
              168.938E-03        -52.6546E-03 
              193.266E-03        -54.5697E-03 
              217.628E-03        -55.5522E-03 
              242.02E-03         -55.0659E-03 
              266.436E-03        -52.6404E-03 
              290.87E-03         -48.0778E-03 
              315.321E-03        -41.6104E-03 
              339.78E-03         -33.8935E-03 
              364.245E-03        -25.2951E-03 
              393.686E-03        -16.3099E-03 
              423.126E-03         -8.53189E-03
              452.567E-03         -3.22862E-03
              482.007E-03       -464.01E-06   
              511.448E-03        325.625E-06  
              540.889E-03         94.5437E-06 
              570.329E-03          5.65924E-06
              599.77E-03           1.33584E-03
              629.21E-03           5.35462E-03
              658.651E-03         13.0162E-03 
              688.091E-03         24.5014E-03 
              717.532E-03         38.908E-03  
              746.973E-03         54.3596E-03 
              776.413E-03         68.4974E-03 
              805.854E-03         79.116E-03  
              835.294E-03         84.7987E-03 
              864.735E-03         85.3842E-03 
              894.176E-03         81.9193E-03 
              923.616E-03         75.9487E-03 
              953.057E-03         68.5777E-03 
              982.498E-03         60.0801E-03 
                1.01194           50.4059E-03 
                1.04138           40.002E-03  
                1.07082           29.935E-03  
                1.10026           21.1456E-03 
                1.1297            13.9975E-03 
                1.15914            8.68491E-03
                1.18858            5.29918E-03
                1.21802            3.51653E-03
                1.24746            2.87428E-03
                1.2769             3.015E-03  
                1.30634            3.49171E-03
                1.33081            3.92647E-03
                1.35527            4.22625E-03
                1.37972            4.37034E-03
                1.40415            4.35173E-03
                1.42857            4.22323E-03
                1.45296            4.04241E-03
                1.47732            3.84981E-03
                1.50165            3.66911E-03
                1.52594            3.51129E-03
                1.55019            3.37878E-03
                1.57438            3.27093E-03
                1.59853            3.18496E-03
                1.62261            3.11887E-03
                1.64663            3.0699E-03 
                1.67059            3.04893E-03




