
                  X             path1_x_s11   

                0.                16.515      
               13.9598E-03        16.3844     
               27.9196E-03        16.1718     
               41.8794E-03        15.9575     
               55.8391E-03        15.6916     
               69.7989E-03        15.4237     
               83.7587E-03        15.169      
               97.7184E-03        14.9567     
              111.678E-03         14.8278     
              125.638E-03         14.8457     
              139.598E-03         15.0951     
              153.558E-03         15.6782     
              167.518E-03         16.6989     
              181.477E-03         18.2342     
              195.437E-03         20.3168     
              209.397E-03         23.1182     
              229.024E-03         26.767      
              248.651E-03         30.7544     
              268.278E-03         34.3518     
              287.905E-03         37.1259     
              307.532E-03         38.787      
              327.16E-03          39.1368     
              346.787E-03         38.029      
              366.414E-03         35.3744     
              386.041E-03         31.1973     
              405.668E-03         25.7049     
              425.295E-03         19.3186     
              444.922E-03         12.6493     
              464.549E-03          6.41023    
              484.176E-03          1.27892    
              503.803E-03         -2.24615    
              523.43E-03          -3.95259    
              543.057E-03         -3.96561    
              562.684E-03         -2.72233    
              582.311E-03       -853.931E-03  
              601.938E-03        971.904E-03  
              621.565E-03          2.15339    
              641.193E-03          2.17859    
              660.82E-03         621.831E-03  
              680.447E-03         -2.81272    
              700.074E-03         -8.16753    
              719.701E-03        -15.1369     
              739.328E-03        -22.9801     
              758.955E-03        -30.4886     
              778.582E-03        -36.2831     
              798.209E-03        -39.1564     
              817.836E-03        -38.7527     
              837.463E-03        -36.2007     
              851.423E-03        -32.9621     
              865.383E-03        -29.5283     
              879.342E-03        -26.1443     
              893.302E-03        -23.1419     
              907.262E-03        -20.6097     
              921.222E-03        -18.5118     
              935.182E-03        -16.7912     
              949.141E-03        -15.3877     
              963.102E-03        -14.2357     
              977.061E-03        -13.2363     
              991.021E-03        -12.4677     
                1.00498          -11.7587     
                1.01894          -11.1216     
                1.0329           -10.656      
                1.04686          -10.4009     




