
                  X             path1_x_e22   

                0.                22.9407E-03 
               13.9598E-03        23.9023E-03 
               27.9196E-03        25.9318E-03 
               41.8794E-03        28.2841E-03 
               55.8391E-03        31.0981E-03 
               69.7989E-03        34.4536E-03 
               83.7587E-03        38.4632E-03 
               97.7184E-03        43.2608E-03 
              111.678E-03         48.9842E-03 
              125.638E-03         55.7346E-03 
              139.598E-03         63.5255E-03 
              153.558E-03         72.2236E-03 
              167.518E-03         81.4966E-03 
              181.477E-03         90.7843E-03 
              195.437E-03         99.2324E-03 
              209.397E-03        106.58E-03   
              229.024E-03        113.162E-03  
              248.651E-03        118.618E-03  
              268.278E-03        122.612E-03  
              287.905E-03        125.1E-03    
              307.532E-03        125.704E-03  
              327.16E-03         124.094E-03  
              346.787E-03        120.339E-03  
              366.414E-03        115.035E-03  
              386.041E-03        109.124E-03  
              405.668E-03        103.461E-03  
              425.295E-03         98.3982E-03 
              444.922E-03         93.6155E-03 
              464.549E-03         88.2484E-03 
              484.176E-03         81.2474E-03 
              503.803E-03         71.9307E-03 
              523.43E-03          60.483E-03  
              543.057E-03         47.9598E-03 
              562.684E-03         35.7051E-03 
              582.311E-03         24.6898E-03 
              601.938E-03         15.3216E-03 
              621.565E-03          7.70017E-03
              641.193E-03          1.96292E-03
              660.82E-03          -1.66225E-03
              680.447E-03         -3.23719E-03
              700.074E-03         -3.36244E-03
              719.701E-03         -2.79535E-03
              739.328E-03         -2.07563E-03
              758.955E-03         -1.55314E-03
              778.582E-03         -1.3271E-03 
              798.209E-03         -1.27471E-03
              817.836E-03         -1.32568E-03
              837.463E-03         -1.49074E-03
              851.423E-03         -1.70944E-03
              865.383E-03         -1.89389E-03
              879.342E-03         -2.01077E-03
              893.302E-03         -2.06545E-03
              907.262E-03         -2.07744E-03
              921.222E-03         -2.06371E-03
              935.182E-03         -2.03752E-03
              949.141E-03         -2.00698E-03
              963.102E-03         -1.97397E-03
              977.061E-03         -1.95527E-03
              991.021E-03         -1.92842E-03
                1.00498           -1.90988E-03
                1.01894           -1.90921E-03
                1.0329            -1.89935E-03
                1.04686           -1.89726E-03




