
                  X             path4_x_e11   

                0.                -2.5923E-03 
               44.8897E-03        -2.87039E-03
               89.857E-03         -3.4813E-03 
              134.896E-03         -4.20761E-03
              180.002E-03         -5.06273E-03
              225.17E-03          -6.06899E-03
              270.393E-03         -7.25519E-03
              315.666E-03         -8.63435E-03
              360.984E-03        -10.1758E-03 
              406.342E-03        -11.776E-03  
              451.733E-03        -13.2408E-03 
              497.152E-03        -14.3067E-03 
              542.593E-03        -14.7097E-03 
              588.052E-03        -14.2768E-03 
              633.521E-03        -12.9865E-03 
              678.996E-03        -10.9272E-03 
              728.064E-03         -8.32763E-03
              777.132E-03         -5.6404E-03 
              826.199E-03         -3.37409E-03
              875.267E-03         -1.93184E-03
              924.334E-03         -1.5857E-03 
              973.402E-03         -2.43209E-03
                1.02247           -4.38317E-03
                1.07154           -7.20845E-03
                1.1206           -10.5974E-03 
                1.16967          -14.1993E-03 
                1.21874          -17.6238E-03 
                1.26781          -20.4324E-03 
                1.31688          -22.1795E-03 
                1.36594          -22.5261E-03 
                1.41501          -21.3695E-03 
                1.46408          -18.9049E-03 
                1.51315          -15.5729E-03 
                1.56221          -11.9082E-03 
                1.61128           -8.37026E-03
                1.66035           -5.25857E-03
                1.70942           -2.73941E-03
                1.75848         -894.489E-06  
                1.80755          274.449E-06  
                1.85662          841.832E-06  
                1.90569          943.606E-06  
                1.95476          783.097E-06  
                2.00382          559.995E-06  
                2.05289          385.211E-06  
                2.10196          276.204E-06  
                2.15103          175.678E-06  
                2.20009           28.9779E-06 
                2.24916         -166.934E-06  
                2.29464         -348.49E-06   
                2.34011         -444.64E-06   
                2.38556         -456.608E-06  
                2.43101         -415.761E-06  
                2.47642         -347.072E-06  
                2.52182         -269.676E-06  
                2.56717         -195.362E-06  
                2.61249         -129.241E-06  
                2.65776          -72.4585E-06 
                2.70299          -23.68E-06   
                2.74816           18.4958E-06 
                2.79326           56.5149E-06 
                2.8383            92.6426E-06 
                2.88327          128.033E-06  
                2.92816          145.734E-06  




