
                  X             path2_x_s11   

                0.                15.9705     
               23.9544E-03        15.7774     
               47.9768E-03        15.3862     
               72.0622E-03        14.9915     
               96.2058E-03        14.602      
              120.403E-03         14.2313     
              144.649E-03         13.9069     
              168.938E-03         13.671      
              193.266E-03         13.5885     
              217.628E-03         13.7488     
              242.02E-03          14.2571     
              266.436E-03         15.2153     
              290.87E-03          16.6973     
              315.321E-03         18.7368     
              339.78E-03          21.3156     
              364.245E-03         24.5749     
              393.686E-03         28.5881     
              423.126E-03         32.8868     
              452.567E-03         36.8018     
              482.007E-03         39.7374     
              511.448E-03         41.1379     
              540.889E-03         40.6028     
              570.329E-03         37.9919     
              599.77E-03          33.5158     
              629.21E-03          27.7377     
              658.651E-03         21.4335     
              688.091E-03         15.3732     
              717.532E-03         10.1339     
              746.973E-03          6.01496    
              776.413E-03          3.06192    
              805.854E-03          1.15365    
              835.294E-03         86.9683E-03 
              864.735E-03       -369.117E-03  
              894.176E-03       -429.692E-03  
              923.616E-03       -245.989E-03  
              953.057E-03        122.477E-03  
              982.498E-03        671.912E-03  
                1.01194            1.35662    
                1.04138            2.01967    
                1.07082            2.42384    
                1.10026            2.29459    
                1.1297             1.23058    
                1.15914           -1.39843    
                1.18858           -6.33801    
                1.21802          -13.9236     
                1.24746          -22.9058     
                1.2769           -30.0249     
                1.30634          -32.7019     
                1.33081          -31.9656     
                1.35527          -29.8656     
                1.37972          -27.147      
                1.40415          -24.2645     
                1.42857          -21.5359     
                1.45296          -19.1379     
                1.47732          -17.111      
                1.50165          -15.441      
                1.52594          -14.0751     
                1.55019          -12.9505     
                1.57438          -12.0269     
                1.59853          -11.2641     
                1.62261          -10.6257     
                1.64663          -10.1012     
                1.67059           -9.87182    




