
                  X             path3_x_s22   

                0.                46.9024     
               34.3594E-03        47.6438     
               68.7995E-03        49.2201     
              103.315E-03         50.9622     
              137.9E-03           52.8713     
              172.55E-03          55.0076     
              207.257E-03         57.4432     
              242.017E-03         60.2312     
              276.823E-03         63.3816     
              311.67E-03          66.8398     
              346.552E-03         70.4744     
              381.464E-03         74.0915     
              416.398E-03         77.4751     
              451.351E-03         80.4293     
              486.315E-03         82.8166     
              521.284E-03         84.622      
              560.539E-03         85.8027     
              599.793E-03         86.3189     
              639.047E-03         86.3221     
              678.301E-03         86.0515     
              717.555E-03         85.7349     
              756.809E-03         85.5287     
              796.063E-03         85.4617     
              835.318E-03         85.4111     
              874.572E-03         85.1313     
              913.826E-03         84.3207     
              953.08E-03          82.6897     
              992.334E-03         80.0145     
                1.03159           76.1717     
                1.07084           71.1473     
                1.1101            65.0305     
                1.14935           58.0045     
                1.1886            50.3254     
                1.22786           42.2679     
                1.26711           34.0433     
                1.30637           25.7651     
                1.34562           17.5392     
                1.38488            9.60931    
                1.42413            2.34291    
                1.46338           -3.97891    
                1.50264           -9.15813    
                1.54189          -12.8829     
                1.58115          -15.2098     
                1.6204           -16.7776     
                1.65965          -17.9283     
                1.69891          -18.7653     
                1.73816          -19.4996     
                1.77742          -19.9666     
                1.81239          -20.1369     
                1.84735          -20.355      
                1.8823           -20.7608     
                1.91724          -21.3136     
                1.95215          -21.9373     
                1.98703          -22.5728     
                2.02188          -23.1783     
                2.05668          -23.7519     
                2.09144          -24.2918     
                2.12615          -24.7869     
                2.1608           -25.3048     
                2.19539          -25.8151     
                2.2299           -26.3416     
                2.26434          -26.9193     
                2.2987           -27.2014     




