
                  X             path1_x_s22   

                0.                51.4768     
               13.9598E-03        52.0573     
               27.9196E-03        53.2956     
               41.8794E-03        54.6904     
               55.8391E-03        56.285      
               69.7989E-03        58.1309     
               83.7587E-03        60.2609     
               97.7184E-03        62.7185     
              111.678E-03         65.5357     
              125.638E-03         68.7186     
              139.598E-03         72.2323     
              153.558E-03         75.9947     
              167.518E-03         79.8819     
              181.477E-03         83.7385     
              195.437E-03         87.3914     
              209.397E-03         90.8886     
              229.024E-03         94.2398     
              248.651E-03         97.0219     
              268.278E-03         98.9662     
              287.905E-03        100.131      
              307.532E-03        100.564      
              327.16E-03         100.295      
              346.787E-03         99.3349     
              366.414E-03         97.6852     
              386.041E-03         95.3256     
              405.668E-03         92.2048     
              425.295E-03         88.2396     
              444.922E-03         83.3304     
              464.549E-03         77.3954     
              484.176E-03         70.4298     
              503.803E-03         62.5768     
              523.43E-03          54.1641     
              543.057E-03         45.6446     
              562.684E-03         37.4054     
              582.311E-03         29.5187     
              601.938E-03         21.6712     
              621.565E-03         13.4361     
              641.193E-03          4.70265    
              660.82E-03          -4.04551    
              680.447E-03        -11.844      
              700.074E-03        -17.9639     
              719.701E-03        -22.5177     
              739.328E-03        -25.8085     
              758.955E-03        -27.7561     
              778.582E-03        -28.5019     
              798.209E-03        -28.4017     
              817.836E-03        -27.8789     
              837.463E-03        -27.5123     
              851.423E-03        -27.4954     
              865.383E-03        -27.6567     
              879.342E-03        -27.8878     
              893.302E-03        -28.145      
              907.262E-03        -28.3915     
              921.222E-03        -28.6206     
              935.182E-03        -28.8267     
              949.141E-03        -29.0104     
              963.102E-03        -29.2173     
              977.061E-03        -29.4224     
              991.021E-03        -29.5513     
                1.00498          -29.8072     
                1.01894          -29.9864     
                1.0329           -30.125      
                1.04686          -30.2979     




