
                  X             path4_x_e22   

                0.                12.5062E-03 
               44.8897E-03        13.1227E-03 
               89.857E-03         14.4855E-03 
              134.896E-03         16.1211E-03 
              180.002E-03         18.0602E-03 
              225.17E-03          20.3592E-03 
              270.393E-03         23.1002E-03 
              315.666E-03         26.3505E-03 
              360.984E-03         30.1153E-03 
              406.342E-03         34.286E-03  
              451.733E-03         38.6004E-03 
              497.152E-03         42.6553E-03 
              542.593E-03         45.9933E-03 
              588.052E-03         48.2368E-03 
              633.521E-03         49.1891E-03 
              678.996E-03         48.8293E-03 
              728.064E-03         47.3101E-03 
              777.132E-03         45.0415E-03 
              826.199E-03         42.6173E-03 
              875.267E-03         40.666E-03  
              924.334E-03         39.7763E-03 
              973.402E-03         40.339E-03  
                1.02247           42.3511E-03 
                1.07154           45.3691E-03 
                1.1206            48.7018E-03 
                1.16967           51.6734E-03 
                1.21874           53.7366E-03 
                1.26781           54.4332E-03 
                1.31688           53.3695E-03 
                1.36594           50.3079E-03 
                1.41501           45.3052E-03 
                1.46408           38.7753E-03 
                1.51315           31.4103E-03 
                1.56221           23.9826E-03 
                1.61128           17.1246E-03 
                1.66035           11.2253E-03 
                1.70942            6.48159E-03
                1.75848            2.9745E-03 
                1.80755          664.048E-06  
                1.85662         -612.841E-06  
                1.90569           -1.09845E-03
                1.95476           -1.1108E-03 
                2.00382         -956.257E-06  
                2.05289         -789.11E-06   
                2.10196         -639.667E-06  
                2.15103         -486.759E-06  
                2.20009         -323.541E-06  
                2.24916         -211.711E-06  
                2.29464         -186.975E-06  
                2.34011         -213.193E-06  
                2.38556         -262.183E-06  
                2.43101         -325.526E-06  
                2.47642         -394.996E-06  
                2.52182         -463.345E-06  
                2.56717         -526.511E-06  
                2.61249         -583.419E-06  
                2.65776         -635.507E-06  
                2.70299         -685.509E-06  
                2.74816         -734.407E-06  
                2.79326         -785.329E-06  
                2.8383          -840.097E-06  
                2.88327         -898.549E-06  
                2.92816         -928.955E-06  




