
                  X             path5_x_e22   

                0.                10.7996E-03 
               55.4742E-03        11.3601E-03 
              111.015E-03         12.5728E-03 
              166.619E-03         14.0105E-03 
              222.28E-03          15.7411E-03 
              277.994E-03         17.8105E-03 
              333.757E-03         20.2667E-03 
              389.563E-03         23.1579E-03 
              445.407E-03         26.4821E-03 
              501.286E-03         30.1285E-03 
              557.194E-03         33.8435E-03 
              613.125E-03         37.2502E-03 
              669.077E-03         39.9378E-03 
              725.043E-03         41.5842E-03 
              781.019E-03         42.0469E-03 
              836.999E-03         41.3664E-03 
              895.881E-03         39.7708E-03 
              954.762E-03         37.6909E-03 
                1.01364           35.6661E-03 
                1.07252           34.2194E-03 
                1.13141           33.749E-03  
                1.19029           34.4098E-03 
                1.24917           36.0781E-03 
                1.30805           38.4496E-03 
                1.36693           41.156E-03  
                1.42581           43.7752E-03 
                1.48469           45.7955E-03 
                1.54357           46.6673E-03 
                1.60246           45.9463E-03 
                1.66134           43.4357E-03 
                1.72022           39.2464E-03 
                1.7791            33.76E-03   
                1.83798           27.528E-03  
                1.89686           21.1471E-03 
                1.95574           15.1484E-03 
                2.01462            9.93578E-03
                2.0735             5.77251E-03
                2.13239            2.76633E-03
                2.19127          848.889E-06  
                2.25015         -187.917E-06  
                2.30903         -619.826E-06  
                2.36791         -714.488E-06  
                2.42679         -648.193E-06  
                2.48567         -523.824E-06  
                2.54455         -413.314E-06  
                2.60344         -336.94E-06   
                2.66232         -268.591E-06  
                2.7212          -195.053E-06  
                2.77718         -154.955E-06  
                2.83315         -164.553E-06  
                2.88912         -198.717E-06  
                2.94507         -245.175E-06  
                3.001           -299.384E-06  
                3.05691         -355.889E-06  
                3.11279         -410.944E-06  
                3.16863         -463.552E-06  
                3.22444         -513.796E-06  
                3.2802          -562.487E-06  
                3.33592         -613.064E-06  
                3.39158         -665.698E-06  
                3.44718         -721.217E-06  
                3.50272         -780.978E-06  
                3.5582          -811.582E-06  




