
                  X             path3_x_e11   

                0.                -3.06989E-03
               34.3594E-03        -3.39671E-03
               68.7995E-03        -4.09936E-03
              103.315E-03         -4.91031E-03
              137.9E-03           -5.8591E-03 
              172.55E-03          -6.98581E-03
              207.257E-03         -8.32644E-03
              242.017E-03         -9.89817E-03
              276.823E-03        -11.6768E-03 
              311.67E-03         -13.565E-03  
              346.552E-03        -15.3687E-03 
              381.464E-03        -16.8061E-03 
              416.398E-03        -17.5726E-03 
              451.351E-03        -17.4398E-03 
              486.315E-03        -16.3367E-03 
              521.284E-03        -14.2628E-03 
              560.539E-03        -11.3249E-03 
              599.793E-03         -8.0015E-03 
              639.047E-03         -4.95121E-03
              678.301E-03         -2.75305E-03
              717.555E-03         -1.90181E-03
              756.809E-03         -2.6992E-03 
              796.063E-03         -5.16153E-03
              835.318E-03         -8.99338E-03
              874.572E-03        -13.638E-03  
              913.826E-03        -18.393E-03  
              953.08E-03         -22.5664E-03 
              992.334E-03        -25.6123E-03 
                1.03159          -27.1892E-03 
                1.07084          -27.1498E-03 
                1.1101           -25.522E-03  
                1.14935          -22.5213E-03 
                1.1886           -18.5596E-03 
                1.22786          -14.1769E-03 
                1.26711           -9.89366E-03
                1.30637           -6.09489E-03
                1.34562           -3.0316E-03 
                1.38488         -852.414E-06  
                1.42413          440.769E-06  
                1.46338            1.0219E-03 
                1.50264            1.14911E-03
                1.54189            1.05206E-03
                1.58115          872.536E-06  
                1.6204           646.95E-06   
                1.65965          371.442E-06  
                1.69891           62.4582E-06 
                1.73816         -271.793E-06  
                1.77742         -582.54E-06   
                1.81239         -764.319E-06  
                1.84735         -800.091E-06  
                1.8823          -742.888E-06  
                1.91724         -630.997E-06  
                1.95215         -499.773E-06  
                1.98703         -372.855E-06  
                2.02188         -261.386E-06  
                2.05668         -167.857E-06  
                2.09144          -90.397E-06  
                2.12615          -26.0089E-06 
                2.1608            28.7848E-06 
                2.19539           76.4869E-06 
                2.2299           119.747E-06  
                2.26434          161.358E-06  
                2.2987           182.007E-06  




