
                  X             path2_x_s22   

                0.                49.3605     
               23.9544E-03        50.0635     
               47.9768E-03        51.5142     
               72.0622E-03        53.0939     
               96.2058E-03        54.8776     
              120.403E-03         56.9303     
              144.649E-03         59.3059     
              168.938E-03         62.0432     
              193.266E-03         65.152      
              217.628E-03         68.592      
              242.02E-03          72.2569     
              266.436E-03         75.9802     
              290.87E-03          79.5686     
              315.321E-03         82.8441     
              339.78E-03          85.6546     
              364.245E-03         88.0861     
              393.686E-03         90.0539     
              423.126E-03         91.3139     
              452.567E-03         91.9485     
              482.007E-03         92.1277     
              511.448E-03         92.0055     
              540.889E-03         91.6901     
              570.329E-03         91.2197     
              599.77E-03          90.5414     
              629.21E-03          89.5065     
              658.651E-03         87.8969     
              688.091E-03         85.4792     
              717.532E-03         82.061      
              746.973E-03         77.522      
              776.413E-03         71.826      
              805.854E-03         65.041      
              835.294E-03         57.3712     
              864.735E-03         49.154      
              894.176E-03         40.7606     
              923.616E-03         32.4162     
              953.057E-03         24.1025     
              982.498E-03         15.7238     
                1.01194            7.42266    
                1.04138         -330.593E-03  
                1.07082           -7.07309    
                1.10026          -12.706      
                1.1297           -17.1898     
                1.15914          -20.1909     
                1.18858          -21.7605     
                1.21802          -22.5653     
                1.24746          -23.015      
                1.2769           -23.1601     
                1.30634          -23.0604     
                1.33081          -22.9691     
                1.35527          -23.0974     
                1.37972          -23.4198     
                1.40415          -23.8743     
                1.42857          -24.3843     
                1.45296          -24.8925     
                1.47732          -25.381      
                1.50165          -25.84       
                1.52594          -26.2745     
                1.55019          -26.7242     
                1.57438          -27.1437     
                1.59853          -27.585      
                1.62261          -28.0432     
                1.64663          -28.5025     
                1.67059          -28.7583     




