
                  X             path3_x_e22   

                0.                14.8694E-03 
               34.3594E-03        15.6184E-03 
               68.7995E-03        17.2286E-03 
              103.315E-03         19.0885E-03 
              137.9E-03           21.2712E-03 
              172.55E-03          23.8776E-03 
              207.257E-03         27.0075E-03 
              242.017E-03         30.7385E-03 
              276.823E-03         35.0911E-03 
              311.67E-03          39.9752E-03 
              346.552E-03         45.1391E-03 
              381.464E-03         50.1641E-03 
              416.398E-03         54.5424E-03 
              451.351E-03         57.8199E-03 
              486.315E-03         59.7382E-03 
              521.284E-03         60.2079E-03 
              560.539E-03         59.1893E-03 
              599.793E-03         56.9726E-03 
              639.047E-03         54.225E-03  
              678.301E-03         51.6943E-03 
              717.555E-03         50.1173E-03 
              756.809E-03         50.087E-03  
              796.063E-03         51.8837E-03 
              835.318E-03         55.2804E-03 
              874.572E-03         59.4845E-03 
              913.826E-03         63.3639E-03 
              953.08E-03          65.8369E-03 
              992.334E-03         66.1669E-03 
                1.03159           64.0575E-03 
                1.07084           59.59E-03   
                1.1101            53.1106E-03 
                1.14935           45.1655E-03 
                1.1886            36.4664E-03 
                1.22786           27.7865E-03 
                1.26711           19.7726E-03 
                1.30637           12.8298E-03 
                1.34562            7.19185E-03
                1.38488            3.01514E-03
                1.42413          304.342E-06  
                1.46338           -1.17796E-03
                1.50264           -1.78502E-03
                1.54189           -1.83266E-03
                1.58115           -1.59841E-03
                1.6204            -1.26696E-03
                1.65965         -899.797E-06  
                1.69891         -563.614E-06  
                1.73816         -345.538E-06  
                1.77742         -266.34E-06   
                1.81239         -277.122E-06  
                1.84735         -328.364E-06  
                1.8823          -403.257E-06  
                1.91724         -490.533E-06  
                1.95215         -577.457E-06  
                1.98703         -656.131E-06  
                2.02188         -724.271E-06  
                2.05668         -783.393E-06  
                2.09144         -836.2E-06    
                2.12615         -885.251E-06  
                2.1608          -933.861E-06  
                2.19539         -983.555E-06  
                2.2299            -1.03668E-03
                2.26434           -1.09614E-03
                2.2987            -1.12754E-03




