
                  X             path3_x_e12   

                0.               -30.3008E-03 
               34.3594E-03       -31.0806E-03 
               68.7995E-03       -32.6684E-03 
              103.315E-03        -34.3319E-03 
              137.9E-03          -36.1002E-03 
              172.55E-03         -37.9551E-03 
              207.257E-03        -39.7925E-03 
              242.017E-03        -41.4051E-03 
              276.823E-03        -42.4661E-03 
              311.67E-03         -42.5433E-03 
              346.552E-03        -41.1828E-03 
              381.464E-03        -38.073E-03  
              416.398E-03        -33.2215E-03 
              451.351E-03        -27.0283E-03 
              486.315E-03        -20.1844E-03 
              521.284E-03        -13.2895E-03 
              560.539E-03         -7.04846E-03
              599.793E-03         -2.47771E-03
              639.047E-03       -157.307E-06  
              678.301E-03         28.073E-06  
              717.555E-03         -1.33575E-03
              756.809E-03         -3.26257E-03
              796.063E-03         -4.52845E-03
              835.318E-03         -3.90688E-03
              874.572E-03       -472.654E-06  
              913.826E-03          6.09863E-03
              953.08E-03          15.4054E-03 
              992.334E-03         26.4614E-03 
                1.03159           37.9997E-03 
                1.07084           48.7452E-03 
                1.1101            57.5462E-03 
                1.14935           63.4545E-03 
                1.1886            65.891E-03  
                1.22786           64.8321E-03 
                1.26711           60.7696E-03 
                1.30637           54.3986E-03 
                1.34562           46.3973E-03 
                1.38488           37.5645E-03 
                1.42413           28.9246E-03 
                1.46338           21.3579E-03 
                1.50264           15.2124E-03 
                1.54189           10.4998E-03 
                1.58115            7.11067E-03
                1.6204             4.70376E-03
                1.65965            2.94351E-03
                1.69891            1.77469E-03
                1.73816            1.2623E-03 
                1.77742            1.33524E-03
                1.81239            1.66708E-03
                1.84735            1.9845E-03 
                1.8823             2.22777E-03
                1.91724            2.38158E-03
                1.95215            2.45309E-03
                1.98703            2.4654E-03 
                2.02188            2.44449E-03
                2.05668            2.41049E-03
                2.09144            2.37601E-03
                2.12615            2.34744E-03
                2.1608             2.32853E-03
                2.19539            2.32084E-03
                2.2299             2.32438E-03
                2.26434            2.34095E-03
                2.2987             2.35286E-03




