
                  X             path1_x_s12   

                0.               -29.0703     
               13.9598E-03       -29.1019     
               27.9196E-03       -29.1461     
               41.8794E-03       -29.1549     
               55.8391E-03       -29.1072     
               69.7989E-03       -28.9688     
               83.7587E-03       -28.7072     
               97.7184E-03       -28.2714     
              111.678E-03        -27.5986     
              125.638E-03        -26.6205     
              139.598E-03        -25.2756     
              153.558E-03        -23.5281     
              167.518E-03        -21.3855     
              181.477E-03        -18.9099     
              195.437E-03        -16.2073     
              209.397E-03        -13.2133     
              229.024E-03         -9.91611    
              248.651E-03         -6.74155    
              268.278E-03         -3.99754    
              287.905E-03         -1.63742    
              307.532E-03        432.424E-03  
              327.16E-03           2.31683    
              346.787E-03          4.12486    
              366.414E-03          5.98156    
              386.041E-03          8.03829    
              405.668E-03         10.4573     
              425.295E-03         13.37       
              444.922E-03         16.8318     
              464.549E-03         20.7905     
              484.176E-03         25.0654     
              503.803E-03         29.3462     
              523.43E-03          33.244      
              543.057E-03         36.4044     
              562.684E-03         38.6336     
              582.311E-03         39.9389     
              601.938E-03         40.4241     
              621.565E-03         40.1308     
              641.193E-03         38.9817     
              660.82E-03          36.8784     
              680.447E-03         33.8896     
              700.074E-03         30.3271     
              719.701E-03         26.5754     
              739.328E-03         23.0635     
              758.955E-03         20.3055     
              778.582E-03         18.6019     
              798.209E-03         18.1385     
              817.836E-03         18.8596     
              837.463E-03         20.0438     
              851.423E-03         20.9894     
              865.383E-03         21.5451     
              879.342E-03         21.7418     
              893.302E-03         21.642      
              907.262E-03         21.3518     
              921.222E-03         20.9555     
              935.182E-03         20.5281     
              949.141E-03         20.0935     
              963.102E-03         19.65       
              977.061E-03         19.279      
              991.021E-03         18.9311     
                1.00498           18.5273     
                1.01894           18.3008     
                1.0329            18.0369     
                1.04686           17.7944     




