
                  X             path4_x_s12   

                0.               -25.7838     
               44.8897E-03       -25.7321     
               89.857E-03        -25.5946     
              134.896E-03        -25.3634     
              180.002E-03        -25.0061     
              225.17E-03         -24.5061     
              270.393E-03        -23.8241     
              315.666E-03        -22.8874     
              360.984E-03        -21.6066     
              406.342E-03        -19.9043     
              451.733E-03        -17.7495     
              497.152E-03        -15.184      
              542.593E-03        -12.3293     
              588.052E-03         -9.37013    
              633.521E-03         -6.51976    
              678.996E-03         -3.95639    
              728.064E-03         -1.87044    
              777.132E-03       -498.065E-03  
              826.199E-03         43.5915E-03 
              875.267E-03       -167.552E-03  
              924.334E-03       -873.021E-03  
              973.402E-03         -1.64545    
                1.02247           -2.01125    
                1.07154           -1.62029    
                1.1206          -325.463E-03  
                1.16967            1.86011    
                1.21874            4.83928    
                1.26781            8.46864    
                1.31688           12.5595     
                1.36594           16.8743     
                1.41501           21.1379     
                1.46408           25.0677     
                1.51315           28.4191     
                1.56221           31.0281     
                1.61128           32.8217     
                1.66035           33.7818     
                1.70942           33.9005     
                1.75848           33.189      
                1.80755           31.7222     
                1.85662           29.6442     
                1.90569           27.1852     
                1.95476           24.6949     
                2.00382           22.4409     
                2.05289           20.4803     
                2.10196           18.6814     
                2.15103           16.7705     
                2.20009           14.4849     
                2.24916           12.1912     
                2.29464           11.4609     
                2.34011           12.3192     
                2.38556           13.43       
                2.43101           14.3903     
                2.47642           15.0739     
                2.52182           15.4905     
                2.56717           15.6966     
                2.61249           15.7677     
                2.65776           15.7448     
                2.70299           15.6865     
                2.74816           15.6261     
                2.79326           15.5466     
                2.8383            15.4778     
                2.88327           15.4005     
                2.92816           15.3454     




