
                  X             path1_x_e12   

                0.               -46.5597E-03 
               13.9598E-03       -47.8014E-03 
               27.9196E-03       -50.357E-03  
               41.8794E-03       -53.1669E-03 
               55.8391E-03       -56.2982E-03 
               69.7989E-03       -59.7079E-03 
               83.7587E-03       -63.3546E-03 
               97.7184E-03       -67.1282E-03 
              111.678E-03        -70.8239E-03 
              125.638E-03        -74.0926E-03 
              139.598E-03        -76.4286E-03 
              153.558E-03        -77.2037E-03 
              167.518E-03        -75.7704E-03 
              181.477E-03        -71.6541E-03 
              195.437E-03        -64.8257E-03 
              209.397E-03        -55.1572E-03 
              229.024E-03        -43.1471E-03 
              248.651E-03        -30.8253E-03 
              268.278E-03        -19.4182E-03 
              287.905E-03         -8.7248E-03 
              307.532E-03          1.45729E-03
              327.16E-03          11.0708E-03 
              346.787E-03         19.8802E-03 
              366.414E-03         27.7442E-03 
              386.041E-03         34.9051E-03 
              405.668E-03         42.1301E-03 
              425.295E-03         50.5404E-03 
              444.922E-03         61.058E-03  
              464.549E-03         73.7178E-03 
              484.176E-03         87.2739E-03 
              503.803E-03         99.4006E-03 
              523.43E-03         107.564E-03  
              543.057E-03        110.188E-03  
              562.684E-03        107.255E-03  
              582.311E-03         99.8374E-03 
              601.938E-03         89.1862E-03 
              621.565E-03         76.196E-03  
              641.193E-03         61.5621E-03 
              660.82E-03          46.4589E-03 
              680.447E-03         32.8153E-03 
              700.074E-03         22.3195E-03 
              719.701E-03         15.2539E-03 
              739.328E-03         10.8968E-03 
              758.955E-03          8.52673E-03
              778.582E-03          7.62512E-03
              798.209E-03          7.74558E-03
              817.836E-03          8.33026E-03
              837.463E-03          8.86582E-03
              851.423E-03          9.07243E-03
              865.383E-03          8.85826E-03
              879.342E-03          8.34126E-03
              893.302E-03          7.70495E-03
              907.262E-03          7.06849E-03
              921.222E-03          6.48366E-03
              935.182E-03          5.97474E-03
              949.141E-03          5.54258E-03
              963.102E-03          5.16349E-03
              977.061E-03          4.8716E-03 
              991.021E-03          4.61578E-03
                1.00498            4.3721E-03 
                1.01894            4.23123E-03
                1.0329             4.08702E-03
                1.04686            3.98409E-03




