
                  X             path2_x_e22   

                0.                18.7024E-03 
               23.9544E-03        19.5397E-03 
               47.9768E-03        21.3529E-03 
               72.0622E-03        23.4889E-03 
               96.2058E-03        26.0404E-03 
              120.403E-03         29.1047E-03 
              144.649E-03         32.7847E-03 
              168.938E-03         37.1772E-03 
              193.266E-03         42.3397E-03 
              217.628E-03         48.2347E-03 
              242.02E-03          54.6652E-03 
              266.436E-03         61.2387E-03 
              290.87E-03          67.4057E-03 
              315.321E-03         72.5951E-03 
              339.78E-03          76.4108E-03 
              364.245E-03         79.0048E-03 
              393.686E-03         80.0523E-03 
              423.126E-03         79.3044E-03 
              452.567E-03         77.529E-03  
              482.007E-03         75.4777E-03 
              511.448E-03         73.7199E-03 
              540.889E-03         72.6704E-03 
              570.329E-03         72.6952E-03 
              599.77E-03          74.0601E-03 
              629.21E-03          76.6588E-03 
              658.651E-03         79.7667E-03 
              688.091E-03         82.1193E-03 
              717.532E-03         82.3455E-03 
              746.973E-03         79.4817E-03 
              776.413E-03         73.2664E-03 
              805.854E-03         64.1742E-03 
              835.294E-03         53.2843E-03 
              864.735E-03         41.9701E-03 
              894.176E-03         31.4281E-03 
              923.616E-03         22.2883E-03 
              953.057E-03         14.6009E-03 
              982.498E-03          8.20625E-03
                1.01194            3.12447E-03
                1.04138         -444.184E-06  
                1.07082           -2.45604E-03
                1.10026           -3.18406E-03
                1.1297            -3.00686E-03
                1.15914           -2.31864E-03
                1.18858           -1.55704E-03
                1.21802         -983.835E-06  
                1.24746         -649.282E-06  
                1.2769          -530.292E-06  
                1.30634         -541.247E-06  
                1.33081         -608.469E-06  
                1.35527         -711.953E-06  
                1.37972         -834.999E-06  
                1.40415         -952.392E-06  
                1.42857           -1.0495E-03 
                1.45296           -1.12388E-03
                1.47732           -1.17962E-03
                1.50165           -1.22275E-03
                1.52594           -1.25896E-03
                1.55019           -1.29256E-03
                1.57438           -1.32572E-03
                1.59853           -1.36115E-03
                1.62261           -1.39932E-03
                1.64663           -1.44109E-03
                1.67059           -1.46348E-03




