
                  X             path2_x_e11   

                0.                -3.87058E-03
               23.9544E-03        -4.22078E-03
               47.9768E-03        -4.98027E-03
               72.0622E-03        -5.87582E-03
               96.2058E-03        -6.9458E-03 
              120.403E-03         -8.23056E-03
              144.649E-03         -9.76862E-03
              168.938E-03        -11.5876E-03 
              193.266E-03        -13.6828E-03 
              217.628E-03        -15.9839E-03 
              242.02E-03         -18.3213E-03 
              266.436E-03        -20.415E-03  
              290.87E-03         -21.9183E-03 
              315.321E-03        -22.5162E-03 
              339.78E-03         -22.0458E-03 
              364.245E-03        -20.444E-03  
              393.686E-03        -17.5439E-03 
              423.126E-03        -13.6729E-03 
              452.567E-03         -9.71729E-03
              482.007E-03         -6.51368E-03
              511.448E-03         -4.78677E-03
              540.889E-03         -5.01697E-03
              570.329E-03         -7.36709E-03
              599.77E-03         -11.6538E-03 
              629.21E-03         -17.3475E-03 
              658.651E-03        -23.6029E-03 
              688.091E-03        -29.3595E-03 
              717.532E-03        -33.5558E-03 
              746.973E-03        -35.4157E-03 
              776.413E-03        -34.6639E-03 
              805.854E-03        -31.5777E-03 
              835.294E-03        -26.8812E-03 
              864.735E-03        -21.4997E-03 
              894.176E-03        -16.2368E-03 
              923.616E-03        -11.5424E-03 
              953.057E-03         -7.51403E-03
              982.498E-03         -4.10486E-03
                1.01194           -1.34718E-03
                1.04138          611.162E-06  
                1.07082            1.6721E-03 
                1.10026            1.92544E-03
                1.1297             1.59845E-03
                1.15914          981.094E-06  
                1.18858          318.569E-06  
                1.21802         -325.905E-06  
                1.24746         -920.224E-06  
                1.2769            -1.36374E-03
                1.30634           -1.57937E-03
                1.33081           -1.57698E-03
                1.35527           -1.4299E-03 
                1.37972           -1.19696E-03
                1.40415         -935.11E-06   
                1.42857         -691.013E-06  
                1.45296         -484.834E-06  
                1.47732         -319.009E-06  
                1.50165         -188.125E-06  
                1.52594          -84.3543E-06 
                1.55019         -603.977E-09  
                1.57438           68.4272E-06 
                1.59853          127.425E-06  
                1.62261          178.775E-06  
                1.64663          224.46E-06   
                1.67059          246.312E-06  




