
                  X             path4_x_s22   

                0.                45.3987     
               44.8897E-03        46.0763     
               89.857E-03         47.5468     
              134.896E-03         49.2654     
              180.002E-03         51.2325     
              225.17E-03          53.4383     
              270.393E-03         55.918      
              315.666E-03         58.7201     
              360.984E-03         61.8585     
              406.342E-03         65.2754     
              451.733E-03         68.8295     
              497.152E-03         72.3138     
              542.593E-03         75.5014     
              588.052E-03         78.1967     
              633.521E-03         80.2751     
              678.996E-03         81.7059     
              728.064E-03         82.4958     
              777.132E-03         82.702      
              826.199E-03         82.5005     
              875.267E-03         82.1384     
              924.334E-03         81.8551     
              973.402E-03         81.7996     
                1.02247           81.9595     
                1.07154           82.1558     
                1.1206            82.1084     
                1.16967           81.5244     
                1.21874           80.1577     
                1.26781           77.8307     
                1.31688           74.4348     
                1.36594           69.9319     
                1.41501           64.3617     
                1.46408           57.8499     
                1.51315           50.6016     
                1.56221           42.8627     
                1.61128           34.8616     
                1.66035           26.7845     
                1.70942           18.8266     
                1.75848           11.2563     
                1.80755            4.37526    
                1.85662           -1.55433    
                1.90569           -6.25066    
                1.95476           -9.60475    
                2.00382          -11.9805     
                2.05289          -13.6981     
                2.10196          -14.935      
                2.15103          -16.034      
                2.20009          -17.1745     
                2.24916          -18.2778     
                2.29464          -18.9528     
                2.34011          -19.324      
                2.38556          -19.817      
                2.43101          -20.4134     
                2.47642          -21.0676     
                2.52182          -21.7161     
                2.56717          -22.3272     
                2.61249          -22.8789     
                2.65776          -23.3973     
                2.70299          -23.915      
                2.74816          -24.3862     
                2.79326          -24.8801     
                2.8383           -25.3956     
                2.88327          -25.9253     
                2.92816          -26.2178     




