
                  X             path4_x_s11   

                0.                14.6613     
               44.8897E-03        14.3999     
               89.857E-03         13.879      
              134.896E-03         13.38       
              180.002E-03         12.9244     
              225.17E-03          12.5215     
              270.393E-03         12.1905     
              315.666E-03         11.9761     
              360.984E-03         11.959      
              406.342E-03         12.2514     
              451.733E-03         12.9821     
              497.152E-03         14.2673     
              542.593E-03         16.1789     
              588.052E-03         18.7187     
              633.521E-03         21.8105     
              678.996E-03         25.3763     
              728.064E-03         29.2389     
              777.132E-03         32.9559     
              826.199E-03         36.0047     
              875.267E-03         37.9218     
              924.334E-03         38.3269     
              973.402E-03         37.0767     
                1.02247           34.3581     
                1.07154           30.583      
                1.1206            26.1793     
                1.16967           21.4834     
                1.21874           16.7705     
                1.26781           12.309      
                1.31688            8.36354    
                1.36594            5.1544     
                1.41501            2.81167    
                1.46408            1.34976    
                1.51315          671.284E-03  
                1.56221          604.724E-03  
                1.61128          964.375E-03  
                1.66035            1.59618    
                1.70942            2.37697    
                1.75848            3.18221    
                1.80755            3.87236    
                1.85662            4.29326    
                1.90569            4.25636    
                1.95476            3.58439    
                2.00382            2.27177    
                2.05289          717.116E-03  
                2.10196         -453.477E-03  
                2.15103           -1.75417    
                2.20009           -6.36091    
                2.24916          -15.5723     
                2.29464          -23.0073     
                2.34011          -24.759      
                2.38556          -23.7134     
                2.43101          -21.7623     
                2.47642          -19.5329     
                2.52182          -17.3893     
                2.56717          -15.5068     
                2.61249          -13.9367     
                2.65776          -12.674      
                2.70299          -11.6584     
                2.74816          -10.8506     
                2.79326          -10.2078     
                2.8383            -9.67132    
                2.88327           -9.22448    
                2.92816           -9.02515    




