
                  X             path5_x_e12   

                0.               -21.857E-03  
               55.4742E-03       -22.3865E-03 
              111.015E-03        -23.4998E-03 
              166.619E-03        -24.7278E-03 
              222.28E-03         -26.0375E-03 
              277.994E-03        -27.3455E-03 
              333.757E-03        -28.5523E-03 
              389.563E-03        -29.4975E-03 
              445.407E-03        -29.9162E-03 
              501.286E-03        -29.4624E-03 
              557.194E-03        -27.8098E-03 
              613.125E-03        -24.8056E-03 
              669.077E-03        -20.5969E-03 
              725.043E-03        -15.6405E-03 
              781.019E-03        -10.5862E-03 
              836.999E-03         -6.06657E-03
              895.881E-03         -2.6114E-03 
              954.762E-03       -605.965E-06  
                1.01364          -82.8332E-06 
                1.07252         -696.7E-06    
                1.13141           -1.89232E-03
                1.19029           -3.05381E-03
                1.24917           -3.6316E-03 
                1.30805           -3.17379E-03
                1.36693           -1.29131E-03
                1.42581            2.32546E-03
                1.48469            7.77635E-03
                1.54357           14.7909E-03 
                1.60246           22.681E-03  
                1.66134           30.4644E-03 
                1.72022           37.1009E-03 
                1.7791            41.7311E-03 
                1.83798           43.8421E-03 
                1.89686           43.3274E-03 
                1.95574           40.4415E-03 
                2.01462           35.6927E-03 
                2.0735            29.7604E-03 
                2.13239           23.4354E-03 
                2.19127           17.4702E-03 
                2.25015           12.3978E-03 
                2.30903            8.47682E-03
                2.36791            5.6627E-03 
                2.42679            3.71158E-03
                2.48567            2.42681E-03
                2.54455            1.64751E-03
                2.60344            1.15843E-03
                2.66232          779.089E-06  
                2.7212           494.781E-06  
                2.77718          437.223E-06  
                2.83315          583.218E-06  
                2.88912          773.732E-06  
                2.94507          946.693E-06  
                3.001              1.08945E-03
                3.05691            1.19821E-03
                3.11279            1.27719E-03
                3.16863            1.33603E-03
                3.22444            1.38506E-03
                3.2802             1.42957E-03
                3.33592            1.47652E-03
                3.39158            1.52882E-03
                3.44718            1.5839E-03 
                3.50272            1.64451E-03
                3.5582             1.67671E-03




