
                  X             path3_x_s12   

                0.               -26.7949     
               34.3594E-03       -26.7397     
               68.7995E-03       -26.5813     
              103.315E-03        -26.3362     
              137.9E-03          -26.0082     
              172.55E-03         -25.5683     
              207.257E-03        -24.9569     
              242.017E-03        -24.094      
              276.823E-03        -22.8915     
              311.67E-03         -21.2739     
              346.552E-03        -19.2056     
              381.464E-03        -16.7163     
              416.398E-03        -13.9067     
              451.351E-03        -10.9378     
              486.315E-03         -8.00747    
              521.284E-03         -5.23306    
              560.539E-03         -2.78172    
              599.793E-03       -987.535E-03  
              639.047E-03        -60.7082E-03 
              678.301E-03         25.1138E-03 
              717.555E-03       -512.008E-03  
              756.809E-03         -1.26138    
              796.063E-03         -1.70123    
              835.318E-03         -1.35664    
              874.572E-03         44.8764E-03 
              913.826E-03          2.52288    
              953.08E-03           5.90863    
              992.334E-03          9.94393    
                1.03159           14.35       
                1.07084           18.8563     
                1.1101            23.2038     
                1.14935           27.1481     
                1.1886            30.4789     
                1.22786           33.0526     
                1.26711           34.8076     
                1.30637           35.7308     
                1.34562           35.8048     
                1.38488           35.0208     
                1.42413           33.4631     
                1.46338           31.3263     
                1.50264           28.8298     
                1.54189           26.2297     
                1.58115           23.7593     
                1.6204            21.4083     
                1.65965           19.087      
                1.69891           16.7104     
                1.73816           14.3855     
                1.77742           13.1245     
                1.81239           13.4812     
                1.84735           14.5465     
                1.8823            15.5511     
                1.91724           16.3221     
                1.95215           16.8004     
                1.98703           17.0216     
                2.02188           17.0605     
                2.05668           16.9837     
                2.09144           16.8573     
                2.12615           16.7029     
                2.1608            16.5303     
                2.19539           16.3752     
                2.2299            16.2162     
                2.26434           16.0597     
                2.2987            15.9941     




