
                  X             path3_x_s11   

                0.                15.2084     
               34.3594E-03        14.9593     
               68.7995E-03        14.4799     
              103.315E-03         14.032      
              137.9E-03           13.6102     
              172.55E-03          13.221      
              207.257E-03         12.8879     
              242.017E-03         12.6607     
              276.823E-03         12.6165     
              311.67E-03          12.8602     
              346.552E-03         13.5122     
              381.464E-03         14.6843     
              416.398E-03         16.453      
              451.351E-03         18.8377     
              486.315E-03         21.7811     
              521.284E-03         25.278      
              560.539E-03         29.2683     
              599.793E-03         33.3197     
              639.047E-03         36.8469     
              678.301E-03         39.2967     
              717.555E-03         40.1252     
              756.809E-03         38.996      
              796.063E-03         35.9688     
              835.318E-03         31.5207     
              874.572E-03         26.3405     
              913.826E-03         21.0472     
              953.08E-03          16.0432     
              992.334E-03         11.5428     
                1.03159            7.66608    
                1.07084            4.50648    
                1.1101             2.14502    
                1.14935          627.374E-03  
                1.1886           -71.5919E-03 
                1.22786          -67.7351E-03 
                1.26711          448.436E-03  
                1.30637            1.25667    
                1.34562            2.13901    
                1.38488            2.8809     
                1.42413            3.28627    
                1.46338            3.24125    
                1.50264            2.77625    
                1.54189            2.10097    
                1.58115            1.49651    
                1.6204           793.232E-03  
                1.65965           -1.2483     
                1.69891           -6.82738    
                1.73816          -16.3364     
                1.77742          -24.9649     
                1.81239          -28.1878     
                1.84735          -27.5813     
                1.8823           -25.705      
                1.91724          -23.2661     
                1.95215          -20.7484     
                1.98703          -18.4172     
                2.02188          -16.4074     
                2.05668          -14.7378     
                2.09144          -13.3733     
                2.12615          -12.2787     
                2.1608           -11.3943     
                2.19539          -10.6757     
                2.2299           -10.096      
                2.26434           -9.60668    
                2.2987            -9.37515    




