
                  X             path2_x_s12   

                0.               -27.9686     
               23.9544E-03       -27.9108     
               47.9768E-03       -27.7843     
               72.0622E-03       -27.6252     
               96.2058E-03       -27.4023     
              120.403E-03        -27.0696     
              144.649E-03        -26.5695     
              168.938E-03        -25.8321     
              193.266E-03        -24.7801     
              217.628E-03        -23.3419     
              242.02E-03         -21.4756     
              266.436E-03        -19.1934     
              290.87E-03         -16.5686     
              315.321E-03        -13.7206     
              339.78E-03         -10.8088     
              364.245E-03         -7.84952    
              393.686E-03         -4.96176    
              423.126E-03         -2.58184    
              452.567E-03       -984.331E-03  
              482.007E-03       -150.349E-03  
              511.448E-03         90.6409E-03 
              540.889E-03         31.2878E-03 
              570.329E-03         52.6949E-03 
              599.77E-03         571.709E-03  
              629.21E-03           1.94945    
              658.651E-03          4.38737    
              688.091E-03          7.86816    
              717.532E-03         12.1709     
              746.973E-03         16.9442     
              776.413E-03         21.7936     
              805.854E-03         26.3451     
              835.294E-03         30.2862     
              864.735E-03         33.4099     
              894.176E-03         35.6568     
              923.616E-03         37.1055     
              953.057E-03         37.8659     
              982.498E-03         37.9429     
                1.01194           37.226      
                1.04138           35.6512     
                1.07082           33.3461     
                1.10026           30.5415     
                1.1297            27.4254     
                1.15914           24.2398     
                1.18858           21.2604     
                1.21802           18.6172     
                1.24746           16.5017     
                1.2769            15.4086     
                1.30634           15.6665     
                1.33081           16.6556     
                1.35527           17.6394     
                1.37972           18.4158     
                1.40415           18.8751     
                1.42857           19.0418     
                1.45296           18.9915     
                1.47732           18.8063     
                1.50165           18.5551     
                1.52594           18.2701     
                1.55019           17.9822     
                1.57438           17.7126     
                1.59853           17.4407     
                1.62261           17.1906     
                1.64663           16.9569     
                1.67059           16.831      




