
                  X             path5_x_s12   

                0.               -25.0304     
               55.4742E-03       -24.9486     
              111.015E-03        -24.7662     
              166.619E-03        -24.5264     
              222.28E-03         -24.1761     
              277.994E-03        -23.6616     
              333.757E-03        -22.9411     
              389.563E-03        -21.9572     
              445.407E-03        -20.6299     
              501.286E-03        -18.8853     
              557.194E-03        -16.6962     
              613.125E-03        -14.1128     
              669.077E-03        -11.2687     
              725.043E-03         -8.36045    
              781.019E-03         -5.6129     
              836.999E-03         -3.22815    
              895.881E-03         -1.39433    
              954.762E-03       -291.476E-03  
                1.01364           28.7415E-03 
                1.07252         -298.51E-03   
                1.13141         -987.733E-03  
                1.19029           -1.66145    
                1.24917           -1.9603     
                1.30805           -1.63076    
                1.36693         -534.563E-03  
                1.42581            1.38017    
                1.48469            4.08958    
                1.54357            7.48682    
                1.60246           11.3826     
                1.66134           15.526      
                1.72022           19.6397     
                1.7791            23.458      
                1.83798           26.7578     
                1.89686           29.3761     
                1.95574           31.2096     
                2.01462           32.1972     
                2.0735            32.313      
                2.13239           31.5866     
                2.19127           30.127      
                2.25015           28.1192     
                2.30903           25.8201     
                2.36791           23.4631     
                2.42679           21.1772     
                2.48567           19.0997     
                2.54455           17.3313     
                2.60344           15.7628     
                2.66232           14.0337     
                2.7212            11.7615     
                2.77718           10.215      
                2.83315           10.6046     
                2.88912           11.8431     
                2.94507           12.9652     
                3.001             13.8316     
                3.05691           14.4065     
                3.11279           14.7402     
                3.16863           14.9033     
                3.22444           14.9856     
                3.2802            15.0086     
                3.33592           14.9948     
                3.39158           14.9941     
                3.44718           14.9761     
                3.50272           14.9569     
                3.5582            14.9608     




